#
# There is insufficient memory for the Java Runtime Environment to continue.
# Native memory allocation (mmap) failed to map 134217728 bytes for G1 virtual space
# Possible reasons:
#   The system is out of physical RAM or swap space
#   The process is running with CompressedOops enabled, and the Java Heap may be blocking the growth of the native heap
# Possible solutions:
#   Reduce memory load on the system
#   Increase physical memory or swap space
#   Check if swap backing store is full
#   Decrease Java heap size (-Xmx/-Xms)
#   Decrease number of Java threads
#   Decrease Java thread stack sizes (-Xss)
#   Set larger code cache with -XX:ReservedCodeCacheSize=
#   JVM is running with Unscaled Compressed Oops mode in which the Java heap is
#     placed in the first 4GB address space. The Java Heap base address is the
#     maximum limit for the native heap growth. Please use -XX:HeapBaseMinAddress
#     to set the Java Heap base and to place the Java Heap above 4GB virtual address.
# This output file may be truncated or incomplete.
#
#  Out of Memory Error (os_windows.cpp:3541), pid=4060, tid=8016
#
# JRE version:  (17.0.4.1+1) (build )
# Java VM: OpenJDK 64-Bit Server VM (17.0.4.1+1, mixed mode, sharing, tiered, compressed oops, compressed class ptrs, g1 gc, windows-amd64)
# No core dump will be written. Minidumps are not enabled by default on client versions of Windows
#

---------------  S U M M A R Y ------------

Command Line: --module-path=E:\amir\לימודים\סמסטר ו\שיטות הנדסיות\פרוייקט\‏‏חלק 2\javafx-sdk-20.0.1\lib --add-modules=javafx.controls,javafx.fxml -Dfile.encoding=windows-1252 -XX:+ShowCodeDetailsInExceptionMessages serverUI.ServerUI

Host: Intel(R) Core(TM) i5-4590 CPU @ 3.30GHz, 4 cores, 7G,  Windows 10 , 64 bit Build 19041 (10.0.19041.2546)
Time: Mon May 15 20:35:03 2023  Windows 10 , 64 bit Build 19041 (10.0.19041.2546) elapsed time: 0.027239 seconds (0d 0h 0m 0s)

---------------  T H R E A D  ---------------

Current thread (0x000002e33bb7e8a0):  JavaThread "Unknown thread" [_thread_in_vm, id=8016, stack(0x000000ff49c00000,0x000000ff49d00000)]

Stack: [0x000000ff49c00000,0x000000ff49d00000]
Native frames: (J=compiled Java code, j=interpreted, Vv=VM code, C=native code)
V  [jvm.dll+0x67731a]
V  [jvm.dll+0x832284]
V  [jvm.dll+0x833a2e]
V  [jvm.dll+0x834093]
V  [jvm.dll+0x245775]
V  [jvm.dll+0x674209]
V  [jvm.dll+0x668a92]
V  [jvm.dll+0x30471b]
V  [jvm.dll+0x30bc66]
V  [jvm.dll+0x35ba9e]
V  [jvm.dll+0x35bccf]
V  [jvm.dll+0x2db5b8]
V  [jvm.dll+0x2dc524]
V  [jvm.dll+0x803db1]
V  [jvm.dll+0x3698f1]
V  [jvm.dll+0x7e31bc]
V  [jvm.dll+0x3ec25f]
V  [jvm.dll+0x3edde1]
C  [jli.dll+0x5277]
C  [ucrtbase.dll+0x21bb2]
C  [KERNEL32.DLL+0x17614]
C  [ntdll.dll+0x526a1]


---------------  P R O C E S S  ---------------

Threads class SMR info:
_java_thread_list=0x00007ff816e94e98, length=0, elements={
}

Java Threads: ( => current thread )

Other Threads:
  0x000002e33bbd8570 GCTaskThread "GC Thread#0" [stack: 0x000000ff49d00000,0x000000ff49e00000] [id=4876]
  0x000002e33bbe9130 ConcurrentGCThread "G1 Main Marker" [stack: 0x000000ff49e00000,0x000000ff49f00000] [id=2128]
  0x000002e33bbea2e0 ConcurrentGCThread "G1 Conc#0" [stack: 0x000000ff49f00000,0x000000ff4a000000] [id=3868]

[error occurred during error reporting (printing all threads), id 0xc0000005, EXCEPTION_ACCESS_VIOLATION (0xc0000005) at pc=0x00007ff81666c047]

VM state: not at safepoint (not fully initialized)

VM Mutex/Monitor currently owned by a thread:  ([mutex/lock_event])
[0x000002e339a6cfb0] Heap_lock - owner thread: 0x000002e33bb7e8a0

Heap address: 0x0000000081c00000, size: 2020 MB, Compressed Oops mode: 32-bit

CDS archive(s) mapped at: [0x0000000000000000-0x0000000000000000-0x0000000000000000), size 0, SharedBaseAddress: 0x0000000800000000, ArchiveRelocationMode: 0.
Narrow klass base: 0x0000000000000000, Narrow klass shift: 0, Narrow klass range: 0x0

GC Precious Log:
<Empty>

Heap:
 garbage-first heap   total 0K, used 0K [0x0000000081c00000, 0x0000000100000000)
  region size 1024K, 0 young (0K), 0 survivors (0K)

[error occurred during error reporting (printing heap information), id 0xc0000005, EXCEPTION_ACCESS_VIOLATION (0xc0000005) at pc=0x00007ff816a50699]

GC Heap History (0 events):
No events

Deoptimization events (0 events):
No events

Classes unloaded (0 events):
No events

Classes redefined (0 events):
No events

Internal exceptions (0 events):
No events

VM Operations (0 events):
No events

Events (1 events):
Event: 0.009 Loaded shared library C:\Users\USER\.p2\pool\plugins\org.eclipse.justj.openjdk.hotspot.jre.full.win32.x86_64_17.0.4.v20221004-1257\jre\bin\java.dll


Dynamic libraries:
0x00007ff6224c0000 - 0x00007ff6224ce000 	C:\Users\USER\.p2\pool\plugins\org.eclipse.justj.openjdk.hotspot.jre.full.win32.x86_64_17.0.4.v20221004-1257\jre\bin\javaw.exe
0x00007ff874f90000 - 0x00007ff875188000 	C:\Windows\SYSTEM32\ntdll.dll
0x00007ff8733f0000 - 0x00007ff8734af000 	C:\Windows\System32\KERNEL32.DLL
0x00007ff872970000 - 0x00007ff872c42000 	C:\Windows\System32\KERNELBASE.dll
0x00007ff8727e0000 - 0x00007ff8728e0000 	C:\Windows\System32\ucrtbase.dll
0x00007ff85b920000 - 0x00007ff85b938000 	C:\Users\USER\.p2\pool\plugins\org.eclipse.justj.openjdk.hotspot.jre.full.win32.x86_64_17.0.4.v20221004-1257\jre\bin\jli.dll
0x00007ff85abe0000 - 0x00007ff85abf9000 	C:\Users\USER\.p2\pool\plugins\org.eclipse.justj.openjdk.hotspot.jre.full.win32.x86_64_17.0.4.v20221004-1257\jre\bin\VCRUNTIME140.dll
0x00007ff873100000 - 0x00007ff8732a1000 	C:\Windows\System32\USER32.dll
0x00007ff872c50000 - 0x00007ff872c72000 	C:\Windows\System32\win32u.dll
0x00007ff860000000 - 0x00007ff86029a000 	C:\Windows\WinSxS\amd64_microsoft.windows.common-controls_6595b64144ccf1df_6.0.19041.1110_none_60b5254171f9507e\COMCTL32.dll
0x00007ff873f30000 - 0x00007ff873f5b000 	C:\Windows\System32\GDI32.dll
0x00007ff874130000 - 0x00007ff8741ce000 	C:\Windows\System32\msvcrt.dll
0x00007ff872ec0000 - 0x00007ff872fcf000 	C:\Windows\System32\gdi32full.dll
0x00007ff872740000 - 0x00007ff8727dd000 	C:\Windows\System32\msvcp_win.dll
0x00007ff873920000 - 0x00007ff873952000 	C:\Windows\System32\IMM32.DLL
0x00007ff862e40000 - 0x00007ff862e4c000 	C:\Users\USER\.p2\pool\plugins\org.eclipse.justj.openjdk.hotspot.jre.full.win32.x86_64_17.0.4.v20221004-1257\jre\bin\vcruntime140_1.dll
0x00007ff819260000 - 0x00007ff8192f1000 	C:\Users\USER\.p2\pool\plugins\org.eclipse.justj.openjdk.hotspot.jre.full.win32.x86_64_17.0.4.v20221004-1257\jre\bin\msvcp140.dll
0x00007ff816380000 - 0x00007ff816fc6000 	C:\Users\USER\.p2\pool\plugins\org.eclipse.justj.openjdk.hotspot.jre.full.win32.x86_64_17.0.4.v20221004-1257\jre\bin\server\jvm.dll
0x00007ff873c90000 - 0x00007ff873d3e000 	C:\Windows\System32\ADVAPI32.dll
0x00007ff874d50000 - 0x00007ff874dec000 	C:\Windows\System32\sechost.dll
0x00007ff873d40000 - 0x00007ff873e65000 	C:\Windows\System32\RPCRT4.dll
0x00007ff873e70000 - 0x00007ff873e78000 	C:\Windows\System32\PSAPI.DLL
0x00007ff866b90000 - 0x00007ff866b99000 	C:\Windows\SYSTEM32\WSOCK32.dll
0x00007ff873f70000 - 0x00007ff873fdb000 	C:\Windows\System32\WS2_32.dll
0x00007ff869bf0000 - 0x00007ff869c17000 	C:\Windows\SYSTEM32\WINMM.dll
0x00007ff869c20000 - 0x00007ff869c2a000 	C:\Windows\SYSTEM32\VERSION.dll
0x00007ff870560000 - 0x00007ff870572000 	C:\Windows\SYSTEM32\kernel.appcore.dll
0x00007ff866af0000 - 0x00007ff866afa000 	C:\Users\USER\.p2\pool\plugins\org.eclipse.justj.openjdk.hotspot.jre.full.win32.x86_64_17.0.4.v20221004-1257\jre\bin\jimage.dll
0x00007ff8687c0000 - 0x00007ff8689a4000 	C:\Windows\SYSTEM32\DBGHELP.DLL
0x00007ff8598c0000 - 0x00007ff8598f5000 	C:\Windows\SYSTEM32\dbgcore.DLL
0x00007ff8728e0000 - 0x00007ff872962000 	C:\Windows\System32\bcryptPrimitives.dll
0x00007ff85a8d0000 - 0x00007ff85a8f5000 	C:\Users\USER\.p2\pool\plugins\org.eclipse.justj.openjdk.hotspot.jre.full.win32.x86_64_17.0.4.v20221004-1257\jre\bin\java.dll

dbghelp: loaded successfully - version: 4.0.5 - missing functions: none
symbol engine: initialized successfully - sym options: 0x614 - pdb path: .;C:\Users\USER\.p2\pool\plugins\org.eclipse.justj.openjdk.hotspot.jre.full.win32.x86_64_17.0.4.v20221004-1257\jre\bin;C:\Windows\SYSTEM32;C:\Windows\WinSxS\amd64_microsoft.windows.common-controls_6595b64144ccf1df_6.0.19041.1110_none_60b5254171f9507e;C:\Users\USER\.p2\pool\plugins\org.eclipse.justj.openjdk.hotspot.jre.full.win32.x86_64_17.0.4.v20221004-1257\jre\bin\server

VM Arguments:
jvm_args: --module-path=E:\amir\לימודים\סמסטר ו\שיטות הנדסיות\פרוייקט\‏‏חלק 2\javafx-sdk-20.0.1\lib --add-modules=javafx.controls,javafx.fxml -Dfile.encoding=windows-1252 -XX:+ShowCodeDetailsInExceptionMessages 
java_command: serverUI.ServerUI
java_class_path (initial): E:\amir\לימודים\סמסטר ו\שיטות הנדסיות\פרוייקט\‏‏חלק 2\CEMS-Server\bin;C:\Users\USER\.p2\pool\plugins\org.eclipse.fx.ide.css.jfx8_3.8.0.202204150904.jar;E:\amir\לימודים\סמסטר ו\שיטות הנדסיות\פרוייקט\‏‏חלק 2\CEMS-Server\lib\mysql-connector-java-8.0.13.jar;E:\amir\לימודים\סמסטר ו\שיטות הנדסיות\פרוייקט\‏‏חלק 2\ocsf\bin;E:\amir\לימודים\סמסטר ו\שיטות הנדסיות\פרוייקט\‏‏חלק 2\javafx-sdk-20.0.1\lib\javafx.base.jar;E:\amir\לימודים\סמסטר ו\שיטות הנדסיות\פרוייקט\‏‏חלק 2\javafx-sdk-20.0.1\lib\javafx.controls.jar;E:\amir\לימודים\סמסטר ו\שיטות הנדסיות\פרוייקט\‏‏חלק 2\javafx-sdk-20.0.1\lib\javafx.fxml.jar;E:\amir\לימודים\סמסטר ו\שיטות הנדסיות\פרוייקט\‏‏חלק 2\javafx-sdk-20.0.1\lib\javafx.graphics.jar;E:\amir\לימודים\סמסטר ו\שיטות הנדסיות\פרוייקט\‏‏חלק 2\javafx-sdk-20.0.1\lib\javafx.media.jar;E:\amir\לימודים\סמסטר ו\שיטות הנדסיות\פרוייקט\‏‏חלק 2\javafx-sdk-20.0.1\lib\javafx.swing.jar;E:\amir\לימודים\סמסטר ו\שיטות הנדסיות\פרוייקט\‏‏חלק 2\javafx-sdk-20.0.1\lib\javafx.web.jar;E:\amir\לימודים\סמסטר ו\שיטות הנדסיות\פרוייקט\‏‏חלק 2\javafx-sdk-20.0.1\lib\javafx-swt.jar
Launcher Type: SUN_STANDARD

[Global flags]
     intx CICompilerCount                          = 3                                         {product} {ergonomic}
     uint ConcGCThreads                            = 1                                         {product} {ergonomic}
     uint G1ConcRefinementThreads                  = 4                                         {product} {ergonomic}
   size_t G1HeapRegionSize                         = 1048576                                   {product} {ergonomic}
    uintx GCDrainStackTargetSize                   = 64                                        {product} {ergonomic}
   size_t InitialHeapSize                          = 134217728                                 {product} {ergonomic}
   size_t MarkStackSize                            = 4194304                                   {product} {ergonomic}
   size_t MaxHeapSize                              = 2118123520                                {product} {ergonomic}
   size_t MinHeapDeltaBytes                        = 1048576                                   {product} {ergonomic}
   size_t MinHeapSize                              = 8388608                                   {product} {ergonomic}
    uintx NonNMethodCodeHeapSize                   = 5832780                                {pd product} {ergonomic}
    uintx NonProfiledCodeHeapSize                  = 122912730                              {pd product} {ergonomic}
    uintx ProfiledCodeHeapSize                     = 122912730                              {pd product} {ergonomic}
    uintx ReservedCodeCacheSize                    = 251658240                              {pd product} {ergonomic}
     bool SegmentedCodeCache                       = true                                      {product} {ergonomic}
     bool ShowCodeDetailsInExceptionMessages       = true                                   {manageable} {command line}
   size_t SoftMaxHeapSize                          = 2118123520                             {manageable} {ergonomic}
     bool UseCompressedClassPointers               = true                           {product lp64_product} {ergonomic}
     bool UseCompressedOops                        = true                           {product lp64_product} {ergonomic}
     bool UseG1GC                                  = true                                      {product} {ergonomic}
     bool UseLargePagesIndividualAllocation        = false                                  {pd product} {ergonomic}

Logging:
Log output configuration:
 #0: stdout all=warning uptime,level,tags
 #1: stderr all=off uptime,level,tags

Environment Variables:
PATH=C:/Users/USER/.p2/pool/plugins/org.eclipse.justj.openjdk.hotspot.jre.full.win32.x86_64_17.0.4.v20221004-1257/jre/bin/server;C:/Users/USER/.p2/pool/plugins/org.eclipse.justj.openjdk.hotspot.jre.full.win32.x86_64_17.0.4.v20221004-1257/jre/bin;C:\Program Files (x86)\Common Files\Oracle\Java\javapath;C:\Windows\system32;C:\Windows;C:\Windows\System32\Wbem;C:\Windows\System32\WindowsPowerShell\v1.0\;C:\Windows\System32\OpenSSH\;C:\Program Files\dotnet\;C:\Program Files\Microsoft SQL Server\150\Tools\Binn\;C:\Program Files\Microsoft SQL Server\130\Tools\Binn\;C:\Program Files\Git\cmd;C:\Program Files\MySQL\MySQL Shell 8.0\bin\;C:\Users\USER\AppData\Local\Microsoft\WindowsApps;C:\Users\USER\AppData\Local\Programs\Microsoft VS Code\bin;C:\Users\USER\AppData\Local\GitHubDesktop\bin;C:\Windows\system32;
USERNAME=USER
OS=Windows_NT
PROCESSOR_IDENTIFIER=Intel64 Family 6 Model 60 Stepping 3, GenuineIntel
TMP=C:\Users\USER\AppData\Local\Temp
TEMP=C:\Users\USER\AppData\Local\Temp



---------------  S Y S T E M  ---------------

OS:
 Windows 10 , 64 bit Build 19041 (10.0.19041.2546)
OS uptime: 4 days 11:52 hours

CPU: total 4 (initial active 4) (4 cores per cpu, 1 threads per core) family 6 model 60 stepping 3 microcode 0x27, cx8, cmov, fxsr, mmx, sse, sse2, sse3, ssse3, sse4.1, sse4.2, popcnt, lzcnt, tsc, tscinvbit, avx, avx2, aes, erms, clmul, bmi1, bmi2, fma, vzeroupper, clflush

Memory: 4k page, system-wide physical 8073M (1337M free)
TotalPageFile size 12169M (AvailPageFile size 64M)
current process WorkingSet (physical memory assigned to process): 10M, peak: 10M
current process commit charge ("private bytes"): 51M, peak: 179M

vm_info: OpenJDK 64-Bit Server VM (17.0.4.1+1) for windows-amd64 JRE (17.0.4.1+1), built on Aug 17 2022 07:42:43 by "temurin" with MS VC++ 16.7 (VS2019)

END.
